
synthesis -f "lab3_impl1_lattice.synproj"
synthesis:  version Diamond (64-bit) 3.13.0.56.2

Copyright (c) 1991-1994 by NeoCAD Inc. All rights reserved.
Copyright (c) 1995 AT&T Corp.   All rights reserved.
Copyright (c) 1995-2001 Lucent Technologies Inc.  All rights reserved.
Copyright (c) 2001 Agere Systems   All rights reserved.
Copyright (c) 2002-2023 Lattice Semiconductor Corporation,  All rights reserved.
Thu Dec 05 23:22:44 2024


Command Line:  synthesis -f lab3_impl1_lattice.synproj -gui -msgset E:/DESKTOP/VHDL_EXP/otherBs_experiment/lab3/promote.xml 

    <postMsg mid="35002000" type="Info"    dynamic="0" navigation="0"  />
Synthesis options:
The -a option is MachXO2.
The -s option is 4.
The -t option is CSBGA132.
The -d option is LCMXO2-4000HC.
Using package CSBGA132.
Using performance grade 4.
                                                          

##########################################################

### Lattice Family : MachXO2

### Device  : LCMXO2-4000HC

### Package : CSBGA132

### Speed   : 4

##########################################################

                                                          

    <postMsg mid="35001781" type="Info"    dynamic="0" navigation="0"  />
Optimization goal = Balanced
The -top option is not used.
Target frequency = 200.000000 MHz.
Maximum fanout = 1000.
Timing path count = 3
BRAM utilization = 100.000000 %
DSP usage = true
DSP utilization = 100.000000 %
fsm_encoding_style = auto
resolve_mixed_drivers = 0
fix_gated_clocks = 1

Mux style = Auto
Use Carry Chain = true
carry_chain_length = 0
Loop Limit = 1950.
Use IO Insertion = TRUE
Use IO Reg = AUTO

Resource Sharing = TRUE
Propagate Constants = TRUE
Remove Duplicate Registers = TRUE
force_gsr = auto
ROM style = auto
RAM style = auto
The -comp option is FALSE.
The -syn option is FALSE.
-p E:/softwaredownloads2/diamond/3.13/ispfpga/xo2c00/data (searchpath added)
-p E:/DESKTOP/VHDL_EXP/otherBs_experiment/lab3/impl1 (searchpath added)
-p E:/DESKTOP/VHDL_EXP/otherBs_experiment/lab3 (searchpath added)
VHDL library = work
VHDL design file = E:/DESKTOP/VHDL_EXP/otherBs_experiment/lab3/traffic_light.vhd
NGD file = lab3_impl1.ngd
-sdc option: SDC file input not used.
-lpf option: Output file option is ON.
Hardtimer checking is enabled (default). The -dt option is not used.
The -r option is OFF. [ Remove LOC Properties is OFF. ]
Technology check ok...

Analyzing Verilog file E:/softwaredownloads2/diamond/3.13/ispfpga/userware/NT/SYNTHESIS_HEADERS/machxo2.v. VERI-1482
Compile design.
Compile Design Begin
    <postMsg mid="35921261" type="Error"   dynamic="2" navigation="2" arg0="e:/desktop/vhdl_exp/otherbs_experiment/lab3/traffic_light.vhd(19): " arg1="END" arg2="e:/desktop/vhdl_exp/otherbs_experiment/lab3/traffic_light.vhd" arg3="19"  />
