synthesis:  version Diamond (64-bit) 3.13.0.56.2

Copyright (c) 1991-1994 by NeoCAD Inc. All rights reserved.
Copyright (c) 1995 AT&T Corp.   All rights reserved.
Copyright (c) 1995-2001 Lucent Technologies Inc.  All rights reserved.
Copyright (c) 2001 Agere Systems   All rights reserved.
Copyright (c) 2002-2023 Lattice Semiconductor Corporation,  All rights reserved.
Sun Nov 12 20:48:10 2023


Command Line:  synthesis -f vote5_impl1_lattice.synproj -gui -msgset D:/Lattice Diamond/Project/vote5/promote.xml 

Synthesis options:
The -a option is MachXO2.
The -s option is 4.
The -t option is CSBGA132.
The -d option is LCMXO2-4000HC.
Using package CSBGA132.
Using performance grade 4.
                                                          

##########################################################

### Lattice Family : MachXO2

### Device  : LCMXO2-4000HC

### Package : CSBGA132

### Speed   : 4

##########################################################

                                                          

INFO - synthesis: User-Selected Strategy Settings
Optimization goal = Balanced
Top-level module name = vote5.
Target frequency = 200.000000 MHz.
Maximum fanout = 1000.
Timing path count = 3
BRAM utilization = 100.000000 %
DSP usage = true
DSP utilization = 100.000000 %
fsm_encoding_style = auto
resolve_mixed_drivers = 0
fix_gated_clocks = 1

Mux style = Auto
Use Carry Chain = true
carry_chain_length = 0
Loop Limit = 1950.
Use IO Insertion = TRUE
Use IO Reg = AUTO

Resource Sharing = TRUE
Propagate Constants = TRUE
Remove Duplicate Registers = TRUE
force_gsr = auto
ROM style = auto
RAM style = auto
The -comp option is FALSE.
The -syn option is FALSE.
-p D:/Lattice Diamond/diamond/3.13/ispfpga/xo2c00/data (searchpath added)
-p D:/Lattice Diamond/Project/vote5/impl1 (searchpath added)
-p D:/Lattice Diamond/Project/vote5 (searchpath added)
VHDL library = work
VHDL design file = D:/Lattice Diamond/Project/vote5/impl1/source/vote5.vhd
NGD file = vote5_impl1.ngd
-sdc option: SDC file input not used.
-lpf option: Output file option is ON.
Hardtimer checking is enabled (default). The -dt option is not used.
The -r option is OFF. [ Remove LOC Properties is OFF. ]
Technology check ok...

Analyzing Verilog file D:/Lattice Diamond/diamond/3.13/ispfpga/userware/NT/SYNTHESIS_HEADERS/machxo2.v. VERI-1482
Compile design.
Compile Design Begin
INFO - synthesis: The default VHDL library search path is now "D:/Lattice Diamond/Project/vote5/impl1". VHDL-1504
Analyzing VHDL file d:/lattice diamond/project/vote5/impl1/source/vote5.vhd. VHDL-1481
INFO - synthesis: d:/lattice diamond/project/vote5/impl1/source/vote5.vhd(4): analyzing entity vote5. VHDL-1012
INFO - synthesis: d:/lattice diamond/project/vote5/impl1/source/vote5.vhd(10): analyzing architecture arch. VHDL-1010
unit vote5 is not yet analyzed. VHDL-1485
unit vote5 is not yet analyzed. VHDL-1485
d:/lattice diamond/project/vote5/impl1/source/vote5.vhd(4): executing vote5(arch)

WARNING - synthesis: d:/lattice diamond/project/vote5/impl1/source/vote5.vhd(8): replacing existing netlist vote5(arch). VHDL-1205
Top module name (VHDL): vote5
Loading NGL library 'D:/Lattice Diamond/diamond/3.13/ispfpga/xo2c00a/data/xo2alib.ngl'...
Loading NGL library 'D:/Lattice Diamond/diamond/3.13/ispfpga/xo2c00/data/xo2clib.ngl'...
Loading NGL library 'D:/Lattice Diamond/diamond/3.13/ispfpga/mg5g00/data/mg5glib.ngl'...
Loading NGL library 'D:/Lattice Diamond/diamond/3.13/ispfpga/or5g00/data/orc5glib.ngl'...
Loading device for application map from file 'xo2c4000.nph' in environment: D:/Lattice Diamond/diamond/3.13/ispfpga.
Package Status:                     Final          Version 1.44.
Top-level module name = vote5.



GSR will not be inferred because no asynchronous signal was found in the netlist.
Applying 200.000000 MHz constraint to all clocks

WARNING - synthesis: No user .sdc file.
Results of NGD DRC are available in vote5_drc.log.
Loading NGL library 'D:/Lattice Diamond/diamond/3.13/ispfpga/xo2c00a/data/xo2alib.ngl'...
Loading NGL library 'D:/Lattice Diamond/diamond/3.13/ispfpga/xo2c00/data/xo2clib.ngl'...
Loading NGL library 'D:/Lattice Diamond/diamond/3.13/ispfpga/mg5g00/data/mg5glib.ngl'...
Loading NGL library 'D:/Lattice Diamond/diamond/3.13/ispfpga/or5g00/data/orc5glib.ngl'...
WARNING - synthesis: logical net 'GND_net' has no load.
WARNING - synthesis: DRC complete with 1 warnings.
All blocks are expanded and NGD expansion is successful.
Writing NGD file vote5_impl1.ngd.

################### Begin Area Report (vote5)######################
Number of register bits => 0 of 4635 (0 % )
GSR => 1
IB => 5
LUT4 => 2
OB => 1
PFUMX => 1
################### End Area Report ##################

################### Begin BlackBox Report ######################
TSALL => 1
################### End BlackBox Report ##################

################### Begin Clock Report ######################
Clock Nets
Number of Clocks: 0
Clock Enable Nets
Number of Clock Enables: 0
Top 0 highest fanout Clock Enables:
Highest fanout non-clock nets
Top 10 highest fanout non-clock nets:
  Net : a_c_3, loads : 2
  Net : a_c_2, loads : 2
  Net : a_c_1, loads : 2
  Net : a_c_0, loads : 2
  Net : a_c_4, loads : 1
  Net : f_c, loads : 1
  Net : n18, loads : 1
  Net : n17, loads : 1
  Net : f, loads : 0
################### End Clock Report ##################

Peak Memory Usage: 71.176  MB

--------------------------------------------------------------
Elapsed CPU time for LSE flow : 0.063  secs
--------------------------------------------------------------
