
            Lattice Mapping Report File for Design Module 'vote5'


Design Information
------------------

Command line:   map -a MachXO2 -p LCMXO2-4000HC -t CSBGA132 -s 4 -oc Commercial
     vote5_impl1.ngd -o vote5_impl1_map.ncd -pr vote5_impl1.prf -mp
     vote5_impl1.mrp -lpf D:/Lattice Diamond/Project/vote5/impl1/vote5_impl1.lpf
     -lpf D:/Lattice Diamond/Project/vote5/vote5.lpf -c 0 -gui -msgset
     D:/Lattice Diamond/Project/vote5/promote.xml 
Target Vendor:  LATTICE
Target Device:  LCMXO2-4000HCCSBGA132
Target Performance:   4
Mapper:  xo2c00,  version:  Diamond (64-bit) 3.13.0.56.2
Mapped on:  11/12/23  20:54:13

Design Summary
--------------

   Number of registers:      0 out of  4635 (0%)
      PFU registers:            0 out of  4320 (0%)
      PIO registers:            0 out of   315 (0%)
   Number of SLICEs:         1 out of  2160 (0%)
      SLICEs as Logic/ROM:      1 out of  2160 (0%)
      SLICEs as RAM:            0 out of  1620 (0%)
      SLICEs as Carry:          0 out of  2160 (0%)
   Number of LUT4s:          2 out of  4320 (0%)
      Number used as logic LUTs:          2
      Number used as distributed RAM:     0
      Number used as ripple logic:        0
      Number used as shift registers:     0
   Number of PIO sites used: 6 + 4(JTAG) out of 105 (10%)
   Number of block RAMs:  0 out of 10 (0%)
   Number of GSRs:        0 out of 1 (0%)
   EFB used :        No
   JTAG used :       No
   Readback used :   No
   Oscillator used : No
   Startup used :    No
   POR :             On
   Bandgap :         On
   Number of Power Controller:  0 out of 1 (0%)
   Number of Dynamic Bank Controller (BCINRD):  0 out of 6 (0%)
   Number of Dynamic Bank Controller (BCLVDSO):  0 out of 1 (0%)
   Number of DCCA:  0 out of 8 (0%)
   Number of DCMA:  0 out of 2 (0%)
   Number of PLLs:  0 out of 2 (0%)
   Number of DQSDLLs:  0 out of 2 (0%)
   Number of CLKDIVC:  0 out of 4 (0%)
   Number of ECLKSYNCA:  0 out of 4 (0%)
   Number of ECLKBRIDGECS:  0 out of 2 (0%)
   Notes:-
      1. Total number of LUT4s = (Number of logic LUT4s) + 2*(Number of
     distributed RAMs) + 2*(Number of ripple logic)
      2. Number of logic LUT4s does not include count of distributed RAM and
     ripple logic.
   Number of clocks:  0
   Number of Clock Enables:  0
   Number of LSRs:  0
   Number of nets driven by tri-state buffers:  0

                                    Page 1




Design:  vote5                                         Date:  11/12/23  20:54:13

Design Summary (cont)
---------------------
   Top 10 highest fanout non-clock nets:
     Net a_c_0: 2 loads
     Net a_c_1: 2 loads
     Net a_c_2: 2 loads
     Net a_c_3: 2 loads
     Net a_c_4: 1 loads
     Net f_c: 1 loads




   Number of warnings:  0
   Number of errors:    0
     

Design Errors/Warnings
----------------------

   No errors or warnings present.

IO (PIO) Attributes
-------------------

+---------------------+-----------+-----------+------------+
| IO Name             | Direction | Levelmode | IO         |
|                     |           |  IO_TYPE  | Register   |
+---------------------+-----------+-----------+------------+
| a[1]                | INPUT     | LVCMOS33  |            |
+---------------------+-----------+-----------+------------+
| a[2]                | INPUT     | LVCMOS33  |            |
+---------------------+-----------+-----------+------------+
| a[3]                | INPUT     | LVCMOS33  |            |
+---------------------+-----------+-----------+------------+
| a[4]                | INPUT     | LVCMOS33  |            |
+---------------------+-----------+-----------+------------+
| f                   | OUTPUT    | LVCMOS33  |            |
+---------------------+-----------+-----------+------------+
| a[0]                | INPUT     | LVCMOS33  |            |
+---------------------+-----------+-----------+------------+

Removed logic
-------------

Block i2 undriven or does not drive anything - clipped.
Block GSR_INST undriven or does not drive anything - clipped.
Block i46 undriven or does not drive anything - clipped.
Signal VCC_net undriven or does not drive anything - clipped.
Signal GND_net undriven or does not drive anything - clipped.

     

Run Time and Memory Usage
-------------------------

   Total CPU Time: 0 secs  
   Total REAL Time: 0 secs  

                                    Page 2




Design:  vote5                                         Date:  11/12/23  20:54:13

Run Time and Memory Usage (cont)
--------------------------------
   Peak Memory Usage: 34 MB
        























































                                    Page 3


Copyright (c) 1991-1994 by NeoCAD Inc. All rights reserved.
     Copyright (c) 1995 AT&T Corp.   All rights reserved.
     Copyright (c) 1995-2001 Lucent Technologies Inc.  All rights reserved.
     Copyright (c) 2001 Agere Systems   All rights reserved.
     Copyright (c) 2002-2023 Lattice Semiconductor Corporation,  All rights
     reserved.
